matrixcalc_AMD64 @ DESKTOP-NQMCKG8:  ----------
                                     Infos #: 0
                                     ----------

matrixcalc_AMD64 @ DESKTOP-NQMCKG8:  -------------
                                     WARNINGS #: 0
                                     -------------

matrixcalc_AMD64 @ DESKTOP-NQMCKG8:  -----------
                                     ERRORS #: 0
                                     -----------

matrixcalc_AMD64 @ DESKTOP-NQMCKG8:  ----------
                                     Infos #: 0
                                     ----------

matrixcalc_AMD64 @ DESKTOP-NQMCKG8:  -------------
                                     WARNINGS #: 0
                                     -------------

matrixcalc_AMD64 @ DESKTOP-NQMCKG8:  -----------
                                     ERRORS #: 0
                                     -----------

matrixcalc_AMD64 @ DESKTOP-NQMCKG8:  ----------
                                     Infos #: 0
                                     ----------

matrixcalc_AMD64 @ DESKTOP-NQMCKG8:  -------------
                                     WARNINGS #: 0
                                     -------------

matrixcalc_AMD64 @ DESKTOP-NQMCKG8:  -----------
                                     ERRORS #: 0
                                     -----------

