Unknown:
D:\Matkul\Anprop\tubes\simulasi\desain awal\Result\Hex.gap
D:\Matkul\Anprop\tubes\simulasi\desain awal\Result\MCalc-Facets-PP.log
D:\Matkul\Anprop\tubes\simulasi\desain awal\Result\MCalc-Facets.log
D:\Matkul\Anprop\tubes\simulasi\desain awal\Result\MCalc.log
D:\Matkul\Anprop\tubes\simulasi\desain awal\Result\MCalcMMC.log
D:\Matkul\Anprop\tubes\simulasi\desain awal\Result\MCalc^Diagnostics.log
D:\Matkul\Anprop\tubes\simulasi\desain awal\Result\ml_info.log
D:\Matkul\Anprop\tubes\simulasi\desain awal\Result\Model.axg
D:\Matkul\Anprop\tubes\simulasi\desain awal\Result\Model.coco
D:\Matkul\Anprop\tubes\simulasi\desain awal\Result\Model.log
D:\Matkul\Anprop\tubes\simulasi\desain awal\Result\Model.sa
D:\Matkul\Anprop\tubes\simulasi\desain awal\Result\Model.sam
D:\Matkul\Anprop\tubes\simulasi\desain awal\Result\Model_m1.sam
D:\Matkul\Anprop\tubes\simulasi\desain awal\Result\m^fifx.dsc
D:\Matkul\Anprop\tubes\simulasi\desain awal\Result\PBAConnectivity.axg
D:\Matkul\Anprop\tubes\simulasi\desain awal\Result\PBAMeshFeedback.axg
D:\Matkul\Anprop\tubes\simulasi\desain awal\Result\PP-Prio.log
D:\Matkul\Anprop\tubes\simulasi\desain awal\Result\P^m^fb.slog
Mesh:
D:\Matkul\Anprop\tubes\simulasi\desain awal\Result\MCalc.xcfd
D:\Matkul\Anprop\tubes\simulasi\desain awal\Result\Model.fmm
D:\Matkul\Anprop\tubes\simulasi\desain awal\Result\Model.sid
D:\Matkul\Anprop\tubes\simulasi\desain awal\Result\Model.xcfd
D:\Matkul\Anprop\tubes\simulasi\desain awal\Result\m^fifx.mem
D:\Matkul\Anprop\tubes\simulasi\desain awal\Result\Port1.wgi
D:\Matkul\Anprop\tubes\simulasi\desain awal\Result\Shapes.con
Port:
