>>>>>>>>>>>>>>>>>>>>>>>>>>>>
2022 Jun 22 (Wed):  14:15:16
>>>>>>>>>>>>>>>>>>>>>>>>>>>>

======================================================
 - pinning rule in use   : PINNING_RULE_MCALC_SKIP_ALL
 - desired group         : 0, sockets = 0
 - num cores available   : 8
 - num accessible procs          : 8
 - num logical procs             : 8
 - affinity (main thread)        : 1111 1111 
 - sockets                       : 0
 - potential cores               : 0,2,4,6
 - affinity                      : 1111
 - active cores          : 0,2,4,6
 - hyperthreading        : on
 - allowed core ids      : 0,2,4,6
 - allowed core ids (aff): 1010 1010 
 - used mask (string)    : 1010 1010 
======================================================

Version: 2021.4 Release from 2021-05-18 (change 873153) [Release]
Started @ 2022 Jun 22 (Wed):  14:15:16
Workflow: Port plane extraction
Operation: [acis, pba, bg, port-extract]
Architecture: Windows, ID: AMD64
System Windows-64bit
Using processor group 0/1
HEX Mesh information:
[Global mesh]
	global O(0 0 0) 	global S(63 54 27) Z(91853)
===============================
Port preparation
Version 2021.4 (build 20210518)
PBA version 2021051821
Sub-Workflow: Port-Extraction
Workflow updated: -
2022 Jun 22 (Wed):  14:15:16
===============================

==========================
Finished port preparation.
==========================

<<<<<<<<<<<<<<<<<<<<<<<<<<<<<<<<<<<<<<<<<<<<
2022 Jun 22 (Wed):  14:15:16
Resource usage for extracting port geometry:
<<<<<<<<<<<<<<<<<<<<<<<<<<<<<<<<<<<<<<<<<<<<

>>>>>>>>>>>>>>>>>>>>>>>>>>>>
2022 Jun 22 (Wed):  14:15:18
>>>>>>>>>>>>>>>>>>>>>>>>>>>>

======================================================
 - pinning rule in use   : PINNING_RULE_MCALC_SKIP_ALL
 - desired group         : 0, sockets = 0
 - num cores available   : 8
 - num accessible procs          : 8
 - num logical procs             : 8
 - affinity (main thread)        : 1111 1111 
 - sockets                       : 0
 - potential cores               : 0,2,4,6
 - affinity                      : 1111
 - active cores          : 0,2,4,6
 - hyperthreading        : on
 - allowed core ids      : 0,2,4,6
 - allowed core ids (aff): 1010 1010 
 - used mask (string)    : 1010 1010 
======================================================

Version: 2021.4 Release from 2021-05-18 (change 873153) [Release]
Started @ 2022 Jun 22 (Wed):  14:15:18
Workflow: PBA matrix coefficients
Operation: [acis, fpba, meshfill, bg, port-path, port-domain, tst, tst-nextgen, coeff, surface-imp]
Architecture: Windows, ID: AMD64
System Windows-64bit
Using processor group 0/1
HEX Mesh information:
[Global mesh]
	global O(0 0 0) 	global S(31 4 15) Z(1859)
===============================
Matrix computation (PBA)
	[PBA version: default]
Version 2021.4 (build 20210518)
PBA version 2021051821
Sub-Workflow: FARM-1x1-TST2
Workflow updated: -
2022 Jun 22 (Wed):  14:15:18
===============================

----------------------------------------------
Used point accuracy enhancement value: 75.00%.
----------------------------------------------

======================================================================================================================================================================================================================
== CST Matrix Calculation Priority Log                                                                                                                                                                              ==
======================================================================================================================================================================================================================
 
Priorities are sorted in ascending order beginning with the lowest priority
 
Priority-group:   1, shape   5: </cst/Boundaries/> Low^X,   material: $NFSMaterial$,  user-priority: 0,  material-attributes: normal.vacuum,  shape-attributes: boundary,   
Priority-group:   1, shape   6: </cst/Boundaries/> Low^Y,   material: $NFSMaterial$,  user-priority: 0,  material-attributes: normal.vacuum,  shape-attributes: boundary,   
Priority-group:   1, shape   7: </cst/Boundaries/> Low^Z,   material: $NFSMaterial$,  user-priority: 0,  material-attributes: normal.vacuum,  shape-attributes: boundary,   
Priority-group:   1, shape   8: </cst/Boundaries/> Up^X,    material: $NFSMaterial$,  user-priority: 0,  material-attributes: normal.vacuum,  shape-attributes: boundary,   
Priority-group:   1, shape   9: </cst/Boundaries/> Up^Y,    material: $NFSMaterial$,  user-priority: 0,  material-attributes: normal.vacuum,  shape-attributes: boundary,   
Priority-group:   1, shape  10: </cst/Boundaries/> Up^Z,    material: $NFSMaterial$,  user-priority: 0,  material-attributes: normal.vacuum,  shape-attributes: boundary,   
Priority-group:   2, shape   2: component1:substrat atas__1_0,  material: FR-4 (loss free),   user-priority: 0,  2D/3D-geometry: true, material-attributes: normal, shape-attributes: solid,  
Priority-group:   2, shape   3: component1:substrat bawah__1_1, material: FR-4 (loss free),   user-priority: 0,  2D/3D-geometry: true, material-attributes: normal, shape-attributes: solid,  
Priority-group:   3, shape   1: component1:ground__1_0, material: Copper (annealed),  user-priority: 0,  2D/3D-geometry: true, material-attributes: pec.rho.surface-impedance,  shape-attributes: solid,  
Priority-group:   3, shape   4: component1:ground__1_0 (Lump 2),    material: Copper (annealed),  user-priority: 0,  2D/3D-geometry: true, material-attributes: pec.rho.surface-impedance,  shape-attributes: solid,  
 
======================================================================================================================================================================================================================
 
================================================================================================
General settings
	PBA version: default
------------------------------------------------------------------------------------------------
Geometry processor:default
	Geo accuracy: 75.000000
	PEC background is represented by CAD geometry: false
	Watertightness check: true
	Self intersection check: false
	Inheritance (all): false
	Normal dominance (all): false
	Normal dominance (ports): false
	Flanges hollow: true
	One shape per flange: false
------------------------------------------------------------------------------------------------
Connectivity settings
	Workflow selection: 0
	Workflow version: 20180101
	Gap detection: true
	Gap detection version: 2
	TST version: 2
	QQ workflow: true
	CoCo workflow: true
	Legacy topology: false
	Connectivity check: false
------------------------------------------------------------------------------------------------
Geometry processing log
	no entries
================================================================================================
FARM allocation scheme: BBM
Gap-Detection activated for FARM-topology. Gaps are resolved, even partially.: gap tolerance value is 0.001 and mesh geometry scale is 0.001

Port homogenization method: M2H point index deviation
ccccccccccccccccccccccccccccccccccccccccccccccccccccccccccccccccccccc
FARM/Meshfill cache is set to 8 (local FI domains: 1, dynamic: false)
ccccccccccccccccccccccccccccccccccccccccccccccccccccccccccccccccccccc

=============================================================
Hex cell analyzer settings:
	max number of E fields per mesh edge: 2
	max number of H fields per mesh face: 4
	supporting dual grid: false
	performance improvement: ROI limit: true
	performance improvement: ROI threshold: 2
	performance improvement: single topology extraction: true
	performance improvement: pre-categorize cell volume: true
	periodic align: 0
	periodic cells: true
	homogenization version: pid
=============================================================

--------------------------------------
Glued 0 metal grid points in port area
--------------------------------------

-------------------------------------------------------------
Background artefacts have been removed for waveguide port "1"
-------------------------------------------------------------

------------------------------------------------------------------------------
+++++++++++++++++++++++++++++++++++++++++++++++++++++
settings for port mode calculation
+++++++++++++++++++++++++++++++++++++++++++++++++++++
PBA fill limit is applied in inverse mode.
PBA fill limit is applied on faces filled with at least 99.00% metal material.
--------------------------------------------------------------
detailed accuracy settings:
--------------------------------------------------------------
augmented fill limit:       true
augmented fill limit value: 99.00
automatic fill limit:       true
early fill limit:           true
inverse fill limit:         true
model complexity:           0.00
legacy 2015:                false
fixed point accuracy:       false
minimum point accuracy:     0
mesh step inheritance:      false
accuracy mode:              
------------------------------------------------------------------------------

--------------------------------------
Glued 0 metal grid points in port area
--------------------------------------

=================================
Finished matrix computation (PBA)
=================================

<<<<<<<<<<<<<<<<<<<<<<<<<<<<<<<<<<<<<<<<<<<<<<<<<<<<<<<<
2022 Jun 22 (Wed):  14:15:19
Resource usage for calculating matrix coefficients:
	Runtime                                 1.38 seconds
	Peak Memory Usage:                        41 MB
<<<<<<<<<<<<<<<<<<<<<<<<<<<<<<<<<<<<<<<<<<<<<<<<<<<<<<<<

--------------------------------
# of staircase filled cells: 0
# of staircase filled areas: 0
# of staircase filled edges: 18
# of faces above fill limit: 0
# of edges with FPBA topology: 0
--------------------------------

>>>>>>>>>>>>>>>>>>>>>>>>>>>>
2022 Jun 22 (Wed):  14:15:33
>>>>>>>>>>>>>>>>>>>>>>>>>>>>

======================================================
 - pinning rule in use   : PINNING_RULE_MCALC_SKIP_ALL
 - desired group         : 0, sockets = 0
 - num cores available   : 8
 - num accessible procs          : 8
 - num logical procs             : 8
 - affinity (main thread)        : 1111 1111 
 - sockets                       : 0
 - potential cores               : 0,2,4,6
 - affinity                      : 1111
 - active cores          : 0,2,4,6
 - hyperthreading        : on
 - allowed core ids      : 0,2,4,6
 - allowed core ids (aff): 1010 1010 
 - used mask (string)    : 1010 1010 
======================================================

Version: 2021.4 Release from 2021-05-18 (change 873153) [Release]
Started @ 2022 Jun 22 (Wed):  14:15:33
Workflow: QQ-Facets
Operation: [acis, fpba, bg, connectivity-tree]
Architecture: Windows, ID: AMD64
System Windows-64bit
Using processor group 0/1
HEX Mesh information:
[Global mesh]
	global O(0 0 0) 	global S(63 54 27) Z(91853)
========================================================================
Processing CAD model (for field results)
	[Improved internal geometry representation]
	[Accuracy improvement for long shapes in inhomogeneous mesh regions]
Version 2021.4 (build 20210518)
PBA version 2021051821
Sub-Workflow: Facets-QQ-GEX
Workflow updated: -
2022 Jun 22 (Wed):  14:15:33
========================================================================

===========================================
Finished CAD processing (for field results)
===========================================

<<<<<<<<<<<<<<<<<<<<<<<<<<<<<<<<<<<<<<<<<<<<<<<
2022 Jun 22 (Wed):  14:15:33
Resource usage for processing CAD model:
	Runtime                        0.31 seconds
	Peak Memory Usage:               20 MB
<<<<<<<<<<<<<<<<<<<<<<<<<<<<<<<<<<<<<<<<<<<<<<<

---------------------------------------------------------------------------------------------------------------------
AXG prep time: 0 sec
PBAMeshFeedback - InfoMap: 0[ms] - SBCell navigation: 0[ms] - CornerCorrectionLinesAndWires: 0[ms] - Write: 0[ms]
ConnectivityAXG - Load: 21[ms] - Setup: 15[ms] - Convert: 3[ms] ( Groups: 3 - Shapes: 4 - Threads: 4 ) - Write: 1[ms]
---------------------------------------------------------------------------------------------------------------------

>>>>>>>>>>>>>>>>>>>>>>>>>>>>
2022 Jun 22 (Wed):  14:16:07
>>>>>>>>>>>>>>>>>>>>>>>>>>>>

======================================================
 - pinning rule in use   : PINNING_RULE_MCALC_SKIP_ALL
 - desired group         : 0, sockets = 0
 - num cores available   : 8
 - num accessible procs          : 8
 - num logical procs             : 8
 - affinity (main thread)        : 1111 1111 
 - sockets                       : 0
 - potential cores               : 0,2,4,6
 - affinity                      : 1111
 - active cores          : 0,2,4,6
 - hyperthreading        : on
 - allowed core ids      : 0,2,4,6
 - allowed core ids (aff): 1010 1010 
 - used mask (string)    : 1010 1010 
======================================================

Version: 2021.4 Release from 2021-05-18 (change 873153) [Release]
Started @ 2022 Jun 22 (Wed):  14:16:07
Workflow: QQ-Facets
Operation: [acis, fpba, bg]
Architecture: Windows, ID: AMD64
System Windows-64bit
Using processor group 0/1
HEX Mesh information:
[Global mesh]
	global O(0 0 0) 	global S(63 54 27) Z(91853)
========================================================================
Processing CAD model
	[Improved internal geometry representation]
	[Accuracy improvement for long shapes in inhomogeneous mesh regions]
Version 2021.4 (build 20210518)
PBA version 2021051821
Sub-Workflow: Facets-QQ
Workflow updated: -
2022 Jun 22 (Wed):  14:16:07
========================================================================

----------------------------------------------
Used point accuracy enhancement value: 67.00%.
----------------------------------------------

=============================================================================
Mesh statistics:
-----------------------------------------------------------------------------
Minimum edge length (x): 0.259 @ mesh line 30 (x)
Maximum edge length (x): 1.35 @ mesh line 61 (x)
Minimum face area (x): 0.0734 @ mesh lines 27 | 12 (y | z)
Maximum face area (x): 2.07 @ mesh lines 1 | 23 (y | z)
Minimum edge length (y): 0.275 @ mesh line 27 (y)
Maximum edge length (y): 1.5 @ mesh line 1 (y)
Minimum face area (y): 0.0692 @ mesh lines 12 | 30 (z | x)
Maximum face area (y): 1.86 @ mesh lines 23 | 61 (z | x)
Minimum edge length (z): 0.267 @ mesh line 12 (z)
Maximum edge length (z): 1.38 @ mesh line 23 (z)
Minimum face area (z): 0.0714 @ mesh lines 30 | 27 (x | y)
Maximum face area (z): 2.02 @ mesh lines 61 | 1 (x | y)
Maximum mesh face aspect ratio (x): 5.62 : 1.0  @ mesh lines 1 | 12 (y | z)
Maximum mesh face aspect ratio (y): 5.32 : 1.0  @ mesh lines 23 | 30 (z | x)
Maximum mesh face aspect ratio (z): 5.78 : 1.0  @ mesh lines 30 | 1 (x | y)
=============================================================================

=============================================================================
Available resources to store TST cells: 2147391793 (2337831.55% of mesh size)
=============================================================================

======================================================================================================================================================================================================
== CST Matrix Calculation Priority Log                                                                                                                                                              ==
======================================================================================================================================================================================================
 
Priorities are sorted in ascending order beginning with the lowest priority
 
Priority-group:   1, shape   6: </cst/Boundaries/> Low^X,   material: $NFSMaterial$,  user-priority: 0,  material-attributes: normal.vacuum,  shape-attributes: boundary,   
Priority-group:   1, shape   7: </cst/Boundaries/> Low^Y,   material: $NFSMaterial$,  user-priority: 0,  material-attributes: normal.vacuum,  shape-attributes: boundary,   
Priority-group:   1, shape   8: </cst/Boundaries/> Low^Z,   material: $NFSMaterial$,  user-priority: 0,  material-attributes: normal.vacuum,  shape-attributes: boundary,   
Priority-group:   1, shape   9: </cst/Boundaries/> Up^X,    material: $NFSMaterial$,  user-priority: 0,  material-attributes: normal.vacuum,  shape-attributes: boundary,   
Priority-group:   1, shape  10: </cst/Boundaries/> Up^Y,    material: $NFSMaterial$,  user-priority: 0,  material-attributes: normal.vacuum,  shape-attributes: boundary,   
Priority-group:   1, shape  11: </cst/Boundaries/> Up^Z,    material: $NFSMaterial$,  user-priority: 0,  material-attributes: normal.vacuum,  shape-attributes: boundary,   
Priority-group:   2, shape   4: component1:substrat atas,   material: FR-4 (loss free),   user-priority: 0,  2D/3D-geometry: true, material-attributes: normal, shape-attributes: solid,  
Priority-group:   2, shape   5: component1:substrat bawah,  material: FR-4 (loss free),   user-priority: 0,  2D/3D-geometry: true, material-attributes: normal, shape-attributes: solid,  
Priority-group:   3, shape   1: component1:feeder,  material: Copper (annealed),  user-priority: 0,  2D/3D-geometry: true, material-attributes: pec.rho.surface-impedance,  shape-attributes: solid,  
Priority-group:   3, shape   2: component1:ground,  material: Copper (annealed),  user-priority: 0,  2D/3D-geometry: true, material-attributes: pec.rho.surface-impedance,  shape-attributes: solid,  
Priority-group:   3, shape   3: component1:patch,   material: Copper (annealed),  user-priority: 0,  2D/3D-geometry: true, material-attributes: pec.rho.surface-impedance,  shape-attributes: solid,  
 
======================================================================================================================================================================================================
 
================================================================================================
General settings
	PBA version: default
------------------------------------------------------------------------------------------------
Geometry processor:default
	Geo accuracy: 67.000000
	PEC background is represented by CAD geometry: false
	Watertightness check: true
	Self intersection check: false
	Inheritance (all): false
	Normal dominance (all): false
	Normal dominance (ports): false
	Flanges hollow: true
	One shape per flange: false
------------------------------------------------------------------------------------------------
Connectivity settings
	Workflow selection: 0
	Workflow version: 20190101
	Gap detection: true
	Gap detection version: 2
	TST version: 2
	QQ workflow: true
	CoCo workflow: true
	Legacy topology: false
	Connectivity check: true
------------------------------------------------------------------------------------------------
Geometry processing log
	no entries
================================================================================================
=======================
Finished CAD processing
=======================

<<<<<<<<<<<<<<<<<<<<<<<<<<<<<<<<<<<<<<<<<<<<<<<
2022 Jun 22 (Wed):  14:16:07
Resource usage for processing CAD model:
	Runtime                        0.08 seconds
	Peak Memory Usage:               19 MB
<<<<<<<<<<<<<<<<<<<<<<<<<<<<<<<<<<<<<<<<<<<<<<<

------------------------------------------------------------
Parallelization Info
------------------------------------------------------------
Hyperthreading active: true
Hyperthreading used: false
Number of concurrent threads: 2
Number of node domains: 2
Domains-to-threads scaling: 2
Average FI domain size: 1e+04
Nice mode: true
Delayed matrix calculation start: false
Load balancing: Version 20090403
Number of mesh fill domains: 8
Memory downscale: 1
CPU load: 50.00%
Emptiness: 0.00%
Hex mesh complexity: 0.08544
Geometric complexity: 0.00140
lower size limit of domain (1D): 60
------------------------------------------------------------
Node order
1, 0
------------------------------------------------------------

-------------------------------------------------------------------
Concurrency for parallelized matrix calculation at start: 2/2
Matrix calculation node 1
	Mesh coverage: 4352400.00 %
	Estimated peak memory usage per node: 58 MB, tightness: 12.21 %
	Processor group: 0
Matrix calculation node 0
	Mesh coverage: 4352400.00 %
	Estimated peak memory usage per node: 57 MB, tightness: 11.93 %
	Processor group: 0
-------------------------------------------------------------------



<<<<<<<<<<<<<<<<<<<<<<<<<<<<<<<<<<<<<<<<<<<<<<<<<<<
2022 Jun 22 (Wed):  14:16:15
Resource usage for calculating matrix coefficients:
<<<<<<<<<<<<<<<<<<<<<<<<<<<<<<<<<<<<<<<<<<<<<<<<<<<

-----------------------------------
Mesh: # of points excl. TSTs: 91854
      # of points incl. TSTs: 91854
-----------------------------------

1xN000:  >>>>>>>>>>>>>>>>>>>>>>>>>>>>
         2022 Jun 22 (Wed):  14:16:08
         >>>>>>>>>>>>>>>>>>>>>>>>>>>>

1xN000:  ==========================================================================
          - pinning rule in use   : PINNING_RULE_MCALC_SKIP_ALL
          - desired group         : 0, sockets = 0
          - num cores available   : 8
          - num accessible procs          : 8
          - num logical procs             : 8
          - affinity (main thread)        : 1111 1111
          - sockets                       : 0
          - potential cores               : 0,1,2,3,4,5,6,7
          - affinity                      : 11111111
          - active cores          : 0,1,2,3,4,5,6,7
          - hyperthreading        : on
          - skip pinning: + allowed number of sockets = available number of sockets
                          + hyperthreading allowed by solver
         ==========================================================================

1xN000:  Version: 2021.4 Release from 2021-05-18 (change 873153) [Release]
         Started @ 2022 Jun 22 (Wed):  14:16:08
         Workflow: PBA matrix coefficients
         Operation: [fpba, meshfill, bg, port-path, tst, tst-nextgen, coeff, surface-imp, connectivity-tree]
         Architecture: Windows, ID: AMD64
         System Windows-64bit
         Using processor group 0/1
         HEX Mesh information:
         [Global mesh]
         	global O(0 0 0) 	global S(63 28 27) Z(47627)
         [Extended mesh]
         	extended O(0 0 0) 	extended S(63 29 27) Z(49328)
1xN000:  ================================
         Matrix computation (PBA)
         	[PBA version: default]
         Version 2021.4 (build 20210518)
         PBA version 2021051821
         Sub-Workflow: FARM-1xN-TST2-Node
         Workflow updated: -
         2022 Jun 22 (Wed):  14:16:08
         ================================

1xN000:  ----------------------------------------------
         Used point accuracy enhancement value: 67.00%.
         ----------------------------------------------

1xN000:  FARM allocation scheme: BBM
1xN000:  Gap-Detection activated for FARM-topology. Gaps are resolved, even partially.: gap tolerance value is 0.001 and mesh geometry scale is 0.001
1xN000:



1xN000:
1xN000:  Port homogenization method: M2H point index deviation
1xN000:  cccccccccccccccccccccccccccccccccccccccccccccccccccccccccccccccccccc
         FARM/Meshfill cache is set to 8 (local FI domains: 8, dynamic: true)
         cccccccccccccccccccccccccccccccccccccccccccccccccccccccccccccccccccc

1xN000:  =============================================================
         Hex cell analyzer settings:
         	max number of E fields per mesh edge: 2
         	max number of H fields per mesh face: 4
         	supporting dual grid: false
         	performance improvement: ROI limit: true
         	performance improvement: ROI threshold: 2
         	performance improvement: single topology extraction: true
         	performance improvement: pre-categorize cell volume: true
         	periodic align: 0
         	periodic cells: true
         	homogenization version: pid
         =============================================================

1xN000:  ssssssssssssssssssssssssssssssssssssssssss
         # of curls with SI accuracy enhancement: 0
         ssssssssssssssssssssssssssssssssssssssssss

1xN000:  --------------------------------------
         Glued 0 metal grid points in port area
         --------------------------------------

1xN000:  -------------------------------------------------------------
         Background artefacts have been removed for waveguide port "1"
         -------------------------------------------------------------

1xN000:  ------------------------------------------------------------------------------
         PBA fill limit is applied in inverse mode.
         PBA fill limit is applied on faces filled with at least 99.00% metal material.
         --------------------------------------------------------------
         detailed accuracy settings:
         --------------------------------------------------------------
         augmented fill limit:       true
         augmented fill limit value: 99.00
         automatic fill limit:       true
         early fill limit:           true
         inverse fill limit:         true
         model complexity:           0.00
         legacy 2015:                false
         fixed point accuracy:       false
         minimum point accuracy:     0
         mesh step inheritance:      false
         accuracy mode:
         ------------------------------------------------------------------------------

1xN000:  --------------------------------------
         Glued 0 metal grid points in port area
         --------------------------------------

1xN000:  =================================
         Finished matrix computation (PBA)
         =================================

1xN000:  <<<<<<<<<<<<<<<<<<<<<<<<<<<<<<<<<<<<<<<<<<<<<<<<<<<<<<<<<<<<
         2022 Jun 22 (Wed):  14:16:15
         Resource usage for calculating matrix coefficients per node:
         	Runtime                                 7.76 seconds
         	Peak Memory Estimation:                   57 MB
         	Peak Memory Usage:                        92 MB
         <<<<<<<<<<<<<<<<<<<<<<<<<<<<<<<<<<<<<<<<<<<<<<<<<<<<<<<<<<<<



1xN001:  >>>>>>>>>>>>>>>>>>>>>>>>>>>>
         2022 Jun 22 (Wed):  14:16:08
         >>>>>>>>>>>>>>>>>>>>>>>>>>>>

1xN001:  ==========================================================================
          - pinning rule in use   : PINNING_RULE_MCALC_SKIP_ALL
          - desired group         : 0, sockets = 0
          - num cores available   : 8
          - num accessible procs          : 8
          - num logical procs             : 8
          - affinity (main thread)        : 1111 1111
          - sockets                       : 0
          - potential cores               : 0,1,2,3,4,5,6,7
          - affinity                      : 11111111
          - active cores          : 0,1,2,3,4,5,6,7
          - hyperthreading        : on
          - skip pinning: + allowed number of sockets = available number of sockets
                          + hyperthreading allowed by solver
         ==========================================================================

1xN001:  Version: 2021.4 Release from 2021-05-18 (change 873153) [Release]
         Started @ 2022 Jun 22 (Wed):  14:16:08
         Workflow: PBA matrix coefficients
         Operation: [fpba, meshfill, bg, port-path, tst, tst-nextgen, coeff, surface-imp, connectivity-tree]
         Architecture: Windows, ID: AMD64
         System Windows-64bit
         Using processor group 0/1
         HEX Mesh information:
         [Global mesh]
         	global O(0 26 0) 	global S(63 28 27) Z(47627)
         [Extended mesh]
         	extended O(0 25 0) 	extended S(63 29 27) Z(49328)
1xN001:  ================================
         Matrix computation (PBA)
         	[PBA version: default]
         Version 2021.4 (build 20210518)
         PBA version 2021051821
         Sub-Workflow: FARM-1xN-TST2-Node
         Workflow updated: -
         2022 Jun 22 (Wed):  14:16:08
         ================================

1xN001:  ----------------------------------------------
         Used point accuracy enhancement value: 67.00%.
         ----------------------------------------------

1xN001:  FARM allocation scheme: BBM
1xN001:  Gap-Detection activated for FARM-topology. Gaps are resolved, even partially.: gap tolerance value is 0.001 and mesh geometry scale is 0.001
1xN001:



1xN001:
1xN001:  Port homogenization method: M2H point index deviation
1xN001:  cccccccccccccccccccccccccccccccccccccccccccccccccccccccccccccccccccc
         FARM/Meshfill cache is set to 8 (local FI domains: 8, dynamic: true)
         cccccccccccccccccccccccccccccccccccccccccccccccccccccccccccccccccccc

1xN001:  =============================================================
         Hex cell analyzer settings:
         	max number of E fields per mesh edge: 2
         	max number of H fields per mesh face: 4
         	supporting dual grid: false
         	performance improvement: ROI limit: true
         	performance improvement: ROI threshold: 2
         	performance improvement: single topology extraction: true
         	performance improvement: pre-categorize cell volume: true
         	periodic align: 0
         	periodic cells: true
         	homogenization version: pid
         =============================================================

1xN001:  ssssssssssssssssssssssssssssssssssssssssss
         # of curls with SI accuracy enhancement: 0
         ssssssssssssssssssssssssssssssssssssssssss

1xN001:  ------------------------------------------------------------------------------
         PBA fill limit is applied in inverse mode.
         PBA fill limit is applied on faces filled with at least 99.00% metal material.
         --------------------------------------------------------------
         detailed accuracy settings:
         --------------------------------------------------------------
         augmented fill limit:       true
         augmented fill limit value: 99.00
         automatic fill limit:       true
         early fill limit:           true
         inverse fill limit:         true
         model complexity:           0.00
         legacy 2015:                false
         fixed point accuracy:       false
         minimum point accuracy:     0
         mesh step inheritance:      false
         accuracy mode:
         ------------------------------------------------------------------------------

1xN001:  =================================
         Finished matrix computation (PBA)
         =================================

1xN001:  <<<<<<<<<<<<<<<<<<<<<<<<<<<<<<<<<<<<<<<<<<<<<<<<<<<<<<<<<<<<
         2022 Jun 22 (Wed):  14:16:14
         Resource usage for calculating matrix coefficients per node:
         	Runtime                                 6.35 seconds
         	Peak Memory Estimation:                   58 MB
         	Peak Memory Usage:                        81 MB
         <<<<<<<<<<<<<<<<<<<<<<<<<<<<<<<<<<<<<<<<<<<<<<<<<<<<<<<<<<<<



-------------------------------------------------------------------------------------------------------------------
AXG prep time: 0 sec
PBAMeshFeedback - InfoMap: 0[ms] - SBCell navigation: 0[ms] - CornerCorrectionLinesAndWires: 0[ms] - Write: 0[ms]
ConnectivityAXG - Load: 7[ms] - Setup: 2[ms] - Convert: 0[ms] ( Groups: 4 - Shapes: 5 - Threads: 4 ) - Write: 0[ms]
-------------------------------------------------------------------------------------------------------------------

--------------------------------
# of staircase filled cells: 0
# of staircase filled areas: 0
# of staircase filled edges: 0
# of faces above fill limit: 0
# of edges with FPBA topology: 0
--------------------------------

